<?xml version="1.0" encoding="UTF-8"?>
<!-- Generated by org.testng.reporters.JUnitReportReporter -->
<testsuite skipped="0" hostname="LAPTOP-LLDHAE7F" name="grid.TestParallelDataProvider" tests="3" failures="0" timestamp="2021-08-03T18:31:08 IST" time="77.385" errors="0">
  <testcase name="doLogin" time="25.972" classname="grid.TestParallelDataProvider"/>
  <system-out/>
  <testcase name="doLogin" time="25.587" classname="grid.TestParallelDataProvider"/>
  <system-out/>
  <testcase name="doLogin" time="25.826" classname="grid.TestParallelDataProvider"/>
  <system-out/>
</testsuite> <!-- grid.TestParallelDataProvider -->
