<?xml version="1.0" encoding="UTF-8"?>
<!-- Generated by org.testng.reporters.JUnitReportReporter -->
<testsuite skipped="0" hostname="LAPTOP-LLDHAE7F" name="grid.TestSample" tests="9" failures="0" timestamp="2021-08-03T16:46:59 IST" time="1961.198" errors="0">
  <testcase name="testLogin" time="234.770" classname="grid.TestSample"/>
  <system-out/>
  <testcase name="testLogin" time="201.235" classname="grid.TestSample"/>
  <system-out/>
  <testcase name="testLogin" time="232.437" classname="grid.TestSample"/>
  <system-out/>
  <testcase name="testLogin" time="220.627" classname="grid.TestSample"/>
  <system-out/>
  <testcase name="testLogin" time="205.816" classname="grid.TestSample"/>
  <system-out/>
  <testcase name="testLogin" time="205.252" classname="grid.TestSample"/>
  <system-out/>
  <testcase name="testLogin" time="219.683" classname="grid.TestSample"/>
  <system-out/>
  <testcase name="testLogin" time="219.854" classname="grid.TestSample"/>
  <system-out/>
  <testcase name="testLogin" time="221.524" classname="grid.TestSample"/>
  <system-out/>
</testsuite> <!-- grid.TestSample -->
