<?xml version="1.0" encoding="UTF-8"?>
<!-- Generated by org.testng.reporters.JUnitReportReporter -->
<testsuite skipped="0" hostname="LAPTOP-LLDHAE7F" name="grid.TestSample1" tests="4" failures="0" timestamp="2021-08-03T17:44:10 IST" time="71.739" errors="0">
  <testcase name="loginTest" time="12.676" classname="grid.TestSample1"/>
  <system-out/>
  <testcase name="loginTest" time="9.560" classname="grid.TestSample1"/>
  <system-out/>
  <testcase name="loginTest" time="38.222" classname="grid.TestSample1"/>
  <system-out/>
  <testcase name="loginTest" time="11.281" classname="grid.TestSample1"/>
  <system-out/>
</testsuite> <!-- grid.TestSample1 -->
